<?xml version="1.0" encoding="UTF-8"?>
<!-- Generated by org.testng.reporters.JUnitReportReporter -->
<testsuite hostname="C14184" failures="0" tests="1" name="BookManagement.FastAPI.Bookmanagements" time="1.024" errors="0" timestamp="2025-06-02T10:48:02 IST" skipped="0">
  <testcase classname="BookManagement.FastAPI.Bookmanagements" name="BookManagement" time="1.024"/>
</testsuite> <!-- BookManagement.FastAPI.Bookmanagements -->
